<?xml version="1.0" encoding="UTF-8"?>
<coverage generated="1674571044143" clover="3.2.0">
  <project timestamp="1674571044144" name="All files">
    <metrics statements="9" coveredstatements="9" conditionals="4" coveredconditionals="4" methods="11" coveredmethods="11" elements="24" coveredelements="24" complexity="0" loc="9" ncloc="9" packages="1" files="3" classes="3"/>
    <file name="calculator.js" path="C:\Users\user\Desktop\microverse\Testing-basics\calculator.js">
      <metrics statements="4" coveredstatements="4" conditionals="0" coveredconditionals="0" methods="9" coveredmethods="9"/>
      <line num="4" count="4" type="stmt"/>
      <line num="7" count="6" type="stmt"/>
      <line num="10" count="4" type="stmt"/>
      <line num="13" count="5" type="stmt"/>
    </file>
    <file name="reverseString.js" path="C:\Users\user\Desktop\microverse\Testing-basics\reverseString.js">
      <metrics statements="1" coveredstatements="1" conditionals="0" coveredconditionals="0" methods="1" coveredmethods="1"/>
      <line num="1" count="1" type="stmt"/>
    </file>
    <file name="stringLength.js" path="C:\Users\user\Desktop\microverse\Testing-basics\stringLength.js">
      <metrics statements="4" coveredstatements="4" conditionals="4" coveredconditionals="4" methods="1" coveredmethods="1"/>
      <line num="1" count="1" type="stmt"/>
      <line num="2" count="2" type="cond" truecount="4" falsecount="0"/>
      <line num="3" count="1" type="stmt"/>
      <line num="5" count="1" type="stmt"/>
    </file>
  </project>
</coverage>
